[0.661s] DEBUG:colcon:Command line arguments: ['/usr/bin/colcon', 'build', '--symlink-install']
[0.662s] DEBUG:colcon:Parsed command line arguments: Namespace(log_base=None, log_level=None, verb_name='build', build_base='build', install_base='install', merge_install=False, symlink_install=True, test_result_base=None, continue_on_error=False, executor='parallel', parallel_workers=4, event_handlers=None, ignore_user_meta=False, metas=['./colcon.meta'], base_paths=['.'], packages_ignore=None, packages_ignore_regex=None, paths=None, packages_up_to=None, packages_up_to_regex=None, packages_above=None, packages_above_and_dependencies=None, packages_above_depth=None, packages_select_by_dep=None, packages_skip_by_dep=None, packages_skip_up_to=None, packages_select_build_failed=False, packages_skip_build_finished=False, packages_select_test_failures=False, packages_skip_test_passed=False, packages_select=None, packages_skip=None, packages_select_regex=None, packages_skip_regex=None, packages_start=None, packages_end=None, allow_overriding=[], cmake_args=None, cmake_target=None, cmake_target_skip_unavailable=False, cmake_clean_cache=False, cmake_clean_first=False, cmake_force_configure=False, ament_cmake_args=None, catkin_cmake_args=None, catkin_skip_building_tests=False, verb_parser=<colcon_defaults.argument_parser.defaults.DefaultArgumentsDecorator object at 0xffffba7b7130>, verb_extension=<colcon_core.verb.build.BuildVerb object at 0xffffba9a4520>, main=<bound method BuildVerb.main of <colcon_core.verb.build.BuildVerb object at 0xffffba9a4520>>)
[1.733s] Level 1:colcon.colcon_core.package_discovery:discover_packages(colcon_meta) check parameters
[1.733s] Level 1:colcon.colcon_core.package_discovery:discover_packages(recursive) check parameters
[1.733s] Level 1:colcon.colcon_core.package_discovery:discover_packages(ignore) check parameters
[1.734s] Level 1:colcon.colcon_core.package_discovery:discover_packages(path) check parameters
[1.734s] Level 1:colcon.colcon_core.package_discovery:discover_packages(colcon_meta) discover
[1.734s] Level 1:colcon.colcon_core.package_discovery:discover_packages(recursive) discover
[1.734s] INFO:colcon.colcon_core.package_discovery:Crawling recursively for packages in '/home/slave/robot_ws'
[1.735s] Level 1:colcon.colcon_core.package_identification:_identify(.) by extensions ['ignore', 'ignore_ament_install']
[1.735s] Level 1:colcon.colcon_core.package_identification:_identify(.) by extension 'ignore'
[1.735s] Level 1:colcon.colcon_core.package_identification:_identify(.) by extension 'ignore_ament_install'
[1.736s] Level 1:colcon.colcon_core.package_identification:_identify(.) by extensions ['colcon_pkg']
[1.736s] Level 1:colcon.colcon_core.package_identification:_identify(.) by extension 'colcon_pkg'
[1.736s] Level 1:colcon.colcon_core.package_identification:_identify(.) by extensions ['colcon_meta']
[1.736s] Level 1:colcon.colcon_core.package_identification:_identify(.) by extension 'colcon_meta'
[1.736s] Level 1:colcon.colcon_core.package_identification:_identify(.) by extensions ['ros']
[1.736s] Level 1:colcon.colcon_core.package_identification:_identify(.) by extension 'ros'
[1.785s] Level 1:colcon.colcon_core.package_identification:_identify(.) by extensions ['cmake', 'python']
[1.785s] Level 1:colcon.colcon_core.package_identification:_identify(.) by extension 'cmake'
[1.785s] Level 1:colcon.colcon_core.package_identification:_identify(.) by extension 'python'
[1.786s] Level 1:colcon.colcon_core.package_identification:_identify(.) by extensions ['python_setup_py']
[1.786s] Level 1:colcon.colcon_core.package_identification:_identify(.) by extension 'python_setup_py'
[1.786s] Level 1:colcon.colcon_core.package_identification:_identify(build) by extensions ['ignore', 'ignore_ament_install']
[1.787s] Level 1:colcon.colcon_core.package_identification:_identify(build) by extension 'ignore'
[1.787s] Level 1:colcon.colcon_core.package_identification:_identify(build) ignored
[1.787s] Level 1:colcon.colcon_core.package_identification:_identify(install) by extensions ['ignore', 'ignore_ament_install']
[1.788s] Level 1:colcon.colcon_core.package_identification:_identify(install) by extension 'ignore'
[1.788s] Level 1:colcon.colcon_core.package_identification:_identify(install) ignored
[1.788s] Level 1:colcon.colcon_core.package_identification:_identify(log) by extensions ['ignore', 'ignore_ament_install']
[1.788s] Level 1:colcon.colcon_core.package_identification:_identify(log) by extension 'ignore'
[1.789s] Level 1:colcon.colcon_core.package_identification:_identify(log) ignored
[1.789s] Level 1:colcon.colcon_core.package_identification:_identify(src) by extensions ['ignore', 'ignore_ament_install']
[1.789s] Level 1:colcon.colcon_core.package_identification:_identify(src) by extension 'ignore'
[1.789s] Level 1:colcon.colcon_core.package_identification:_identify(src) by extension 'ignore_ament_install'
[1.790s] Level 1:colcon.colcon_core.package_identification:_identify(src) by extensions ['colcon_pkg']
[1.790s] Level 1:colcon.colcon_core.package_identification:_identify(src) by extension 'colcon_pkg'
[1.790s] Level 1:colcon.colcon_core.package_identification:_identify(src) by extensions ['colcon_meta']
[1.790s] Level 1:colcon.colcon_core.package_identification:_identify(src) by extension 'colcon_meta'
[1.790s] Level 1:colcon.colcon_core.package_identification:_identify(src) by extensions ['ros']
[1.790s] Level 1:colcon.colcon_core.package_identification:_identify(src) by extension 'ros'
[1.791s] Level 1:colcon.colcon_core.package_identification:_identify(src) by extensions ['cmake', 'python']
[1.791s] Level 1:colcon.colcon_core.package_identification:_identify(src) by extension 'cmake'
[1.791s] Level 1:colcon.colcon_core.package_identification:_identify(src) by extension 'python'
[1.791s] Level 1:colcon.colcon_core.package_identification:_identify(src) by extensions ['python_setup_py']
[1.791s] Level 1:colcon.colcon_core.package_identification:_identify(src) by extension 'python_setup_py'
[1.792s] Level 1:colcon.colcon_core.package_identification:_identify(src/md400t_driver) by extensions ['ignore', 'ignore_ament_install']
[1.792s] Level 1:colcon.colcon_core.package_identification:_identify(src/md400t_driver) by extension 'ignore'
[1.792s] Level 1:colcon.colcon_core.package_identification:_identify(src/md400t_driver) by extension 'ignore_ament_install'
[1.792s] Level 1:colcon.colcon_core.package_identification:_identify(src/md400t_driver) by extensions ['colcon_pkg']
[1.793s] Level 1:colcon.colcon_core.package_identification:_identify(src/md400t_driver) by extension 'colcon_pkg'
[1.793s] Level 1:colcon.colcon_core.package_identification:_identify(src/md400t_driver) by extensions ['colcon_meta']
[1.793s] Level 1:colcon.colcon_core.package_identification:_identify(src/md400t_driver) by extension 'colcon_meta'
[1.793s] Level 1:colcon.colcon_core.package_identification:_identify(src/md400t_driver) by extensions ['ros']
[1.793s] Level 1:colcon.colcon_core.package_identification:_identify(src/md400t_driver) by extension 'ros'
[1.804s] DEBUG:colcon.colcon_core.package_identification:Package 'src/md400t_driver' with type 'ros.ament_python' and name 'md400t_driver'
[1.805s] Level 1:colcon.colcon_core.package_discovery:discover_packages(recursive) using defaults
[1.805s] Level 1:colcon.colcon_core.package_discovery:discover_packages(ignore) discover
[1.805s] Level 1:colcon.colcon_core.package_discovery:discover_packages(ignore) using defaults
[1.805s] Level 1:colcon.colcon_core.package_discovery:discover_packages(path) discover
[1.805s] Level 1:colcon.colcon_core.package_discovery:discover_packages(path) using defaults
[1.939s] Level 1:colcon.colcon_core.package_discovery:discover_packages(prefix_path) check parameters
[1.939s] Level 1:colcon.colcon_core.package_discovery:discover_packages(prefix_path) discover
[1.959s] DEBUG:colcon.colcon_installed_package_information.package_discovery:Found 272 installed packages in /opt/ros/humble
[1.971s] Level 1:colcon.colcon_core.package_discovery:discover_packages(prefix_path) using defaults
[2.175s] Level 5:colcon.colcon_core.verb:set package 'md400t_driver' build argument 'cmake_args' from command line to 'None'
[2.175s] Level 5:colcon.colcon_core.verb:set package 'md400t_driver' build argument 'cmake_target' from command line to 'None'
[2.176s] Level 5:colcon.colcon_core.verb:set package 'md400t_driver' build argument 'cmake_target_skip_unavailable' from command line to 'False'
[2.176s] Level 5:colcon.colcon_core.verb:set package 'md400t_driver' build argument 'cmake_clean_cache' from command line to 'False'
[2.176s] Level 5:colcon.colcon_core.verb:set package 'md400t_driver' build argument 'cmake_clean_first' from command line to 'False'
[2.176s] Level 5:colcon.colcon_core.verb:set package 'md400t_driver' build argument 'cmake_force_configure' from command line to 'False'
[2.176s] Level 5:colcon.colcon_core.verb:set package 'md400t_driver' build argument 'ament_cmake_args' from command line to 'None'
[2.176s] Level 5:colcon.colcon_core.verb:set package 'md400t_driver' build argument 'catkin_cmake_args' from command line to 'None'
[2.176s] Level 5:colcon.colcon_core.verb:set package 'md400t_driver' build argument 'catkin_skip_building_tests' from command line to 'False'
[2.176s] DEBUG:colcon.colcon_core.verb:Building package 'md400t_driver' with the following arguments: {'ament_cmake_args': None, 'build_base': '/home/slave/robot_ws/build/md400t_driver', 'catkin_cmake_args': None, 'catkin_skip_building_tests': False, 'cmake_args': None, 'cmake_clean_cache': False, 'cmake_clean_first': False, 'cmake_force_configure': False, 'cmake_target': None, 'cmake_target_skip_unavailable': False, 'install_base': '/home/slave/robot_ws/install/md400t_driver', 'merge_install': False, 'path': '/home/slave/robot_ws/src/md400t_driver', 'symlink_install': True, 'test_result_base': None}
[2.177s] INFO:colcon.colcon_core.executor:Executing jobs using 'parallel' executor
[2.180s] DEBUG:colcon.colcon_parallel_executor.executor.parallel:run_until_complete
[2.181s] INFO:colcon.colcon_ros.task.ament_python.build:Building ROS package in '/home/slave/robot_ws/src/md400t_driver' with build type 'ament_python'
[2.182s] Level 1:colcon.colcon_core.shell:create_environment_hook('md400t_driver', 'ament_prefix_path')
[2.199s] INFO:colcon.colcon_core.plugin_system:Skipping extension 'colcon_core.shell.bat': Not used on non-Windows systems
[2.201s] INFO:colcon.colcon_core.shell:Creating environment hook '/home/slave/robot_ws/install/md400t_driver/share/md400t_driver/hook/ament_prefix_path.ps1'
[2.205s] INFO:colcon.colcon_core.shell:Creating environment descriptor '/home/slave/robot_ws/install/md400t_driver/share/md400t_driver/hook/ament_prefix_path.dsv'
[2.208s] INFO:colcon.colcon_core.shell:Creating environment hook '/home/slave/robot_ws/install/md400t_driver/share/md400t_driver/hook/ament_prefix_path.sh'
[2.212s] INFO:colcon.colcon_core.shell:Skip shell extension 'powershell' for command environment: Not usable outside of PowerShell
[2.213s] DEBUG:colcon.colcon_core.shell:Skip shell extension 'dsv' for command environment
[3.355s] WARNING:colcon.colcon_ros.task.ament_python.build:Package 'md400t_driver' doesn't explicitly install a marker in the package index (colcon-ros currently does it implicitly but that fallback will be removed in the future)
[3.356s] WARNING:colcon.colcon_ros.task.ament_python.build:Package 'md400t_driver' doesn't explicitly install the 'package.xml' file (colcon-ros currently does it implicitly but that fallback will be removed in the future)
[3.357s] INFO:colcon.colcon_core.task.python.build:Building Python package in '/home/slave/robot_ws/src/md400t_driver'
[3.358s] INFO:colcon.colcon_core.shell:Skip shell extension 'powershell' for command environment: Not usable outside of PowerShell
[3.358s] DEBUG:colcon.colcon_core.shell:Skip shell extension 'dsv' for command environment
[4.939s] DEBUG:colcon.colcon_core.event_handler.log_command:Invoking command in '/home/slave/robot_ws/build/md400t_driver': PYTHONPATH=/home/slave/robot_ws/build/md400t_driver/prefix_override:/usr/lib/python3/dist-packages/colcon_core/task/python/colcon_distutils_commands:/home/slave/robot_ws/install/md400t_driver/lib/python3.10/site-packages:${PYTHONPATH} /usr/bin/python3 -W ignore:setup.py install is deprecated -W ignore:easy_install command is deprecated setup.py develop --editable --build-directory /home/slave/robot_ws/build/md400t_driver/build --no-deps
[6.929s] Level 1:colcon.colcon_core.shell:create_environment_hook('md400t_driver', 'pythonpath_develop')
[6.930s] INFO:colcon.colcon_core.shell:Creating environment hook '/home/slave/robot_ws/build/md400t_driver/share/md400t_driver/hook/pythonpath_develop.ps1'
[6.932s] DEBUG:colcon.colcon_core.event_handler.log_command:Invoked command in '/home/slave/robot_ws/build/md400t_driver' returned '0': PYTHONPATH=/home/slave/robot_ws/build/md400t_driver/prefix_override:/usr/lib/python3/dist-packages/colcon_core/task/python/colcon_distutils_commands:/home/slave/robot_ws/install/md400t_driver/lib/python3.10/site-packages:${PYTHONPATH} /usr/bin/python3 -W ignore:setup.py install is deprecated -W ignore:easy_install command is deprecated setup.py develop --editable --build-directory /home/slave/robot_ws/build/md400t_driver/build --no-deps
[6.934s] INFO:colcon.colcon_core.shell:Creating environment descriptor '/home/slave/robot_ws/build/md400t_driver/share/md400t_driver/hook/pythonpath_develop.dsv'
[6.936s] INFO:colcon.colcon_core.shell:Creating environment hook '/home/slave/robot_ws/build/md400t_driver/share/md400t_driver/hook/pythonpath_develop.sh'
[6.959s] Level 1:colcon.colcon_core.environment:checking '/home/slave/robot_ws/install/md400t_driver' for CMake module files
[6.962s] Level 1:colcon.colcon_core.environment:checking '/home/slave/robot_ws/install/md400t_driver' for CMake config files
[6.965s] Level 1:colcon.colcon_core.environment:checking '/home/slave/robot_ws/install/md400t_driver/lib'
[6.966s] Level 1:colcon.colcon_core.environment:checking '/home/slave/robot_ws/install/md400t_driver/bin'
[6.967s] Level 1:colcon.colcon_core.environment:checking '/home/slave/robot_ws/install/md400t_driver/lib/pkgconfig/md400t_driver.pc'
[6.968s] Level 1:colcon.colcon_core.environment:checking '/home/slave/robot_ws/install/md400t_driver/lib/python3.10/site-packages'
[6.968s] Level 1:colcon.colcon_core.shell:create_environment_hook('md400t_driver', 'pythonpath')
[6.969s] INFO:colcon.colcon_core.shell:Creating environment hook '/home/slave/robot_ws/install/md400t_driver/share/md400t_driver/hook/pythonpath.ps1'
[6.971s] INFO:colcon.colcon_core.shell:Creating environment descriptor '/home/slave/robot_ws/install/md400t_driver/share/md400t_driver/hook/pythonpath.dsv'
[6.973s] INFO:colcon.colcon_core.shell:Creating environment hook '/home/slave/robot_ws/install/md400t_driver/share/md400t_driver/hook/pythonpath.sh'
[6.976s] Level 1:colcon.colcon_core.environment:checking '/home/slave/robot_ws/install/md400t_driver/bin'
[6.976s] Level 1:colcon.colcon_core.environment:create_environment_scripts_only(md400t_driver)
[6.978s] INFO:colcon.colcon_core.shell:Creating package script '/home/slave/robot_ws/install/md400t_driver/share/md400t_driver/package.ps1'
[6.982s] INFO:colcon.colcon_core.shell:Creating package descriptor '/home/slave/robot_ws/install/md400t_driver/share/md400t_driver/package.dsv'
[6.985s] INFO:colcon.colcon_core.shell:Creating package script '/home/slave/robot_ws/install/md400t_driver/share/md400t_driver/package.sh'
[6.989s] INFO:colcon.colcon_core.shell:Creating package script '/home/slave/robot_ws/install/md400t_driver/share/md400t_driver/package.bash'
[6.993s] INFO:colcon.colcon_core.shell:Creating package script '/home/slave/robot_ws/install/md400t_driver/share/md400t_driver/package.zsh'
[6.997s] Level 1:colcon.colcon_core.environment:create_file_with_runtime_dependencies(/home/slave/robot_ws/install/md400t_driver/share/colcon-core/packages/md400t_driver)
[6.998s] DEBUG:colcon.colcon_parallel_executor.executor.parallel:closing loop
[7.000s] DEBUG:colcon.colcon_parallel_executor.executor.parallel:loop closed
[7.000s] DEBUG:colcon.colcon_parallel_executor.executor.parallel:run_until_complete finished with '0'
[7.001s] DEBUG:colcon.colcon_core.event_reactor:joining thread
[7.035s] INFO:colcon.colcon_core.plugin_system:Skipping extension 'colcon_notification.desktop_notification.terminal_notifier': Not used on non-Darwin systems
[7.035s] INFO:colcon.colcon_core.plugin_system:Skipping extension 'colcon_notification.desktop_notification.win32': Not used on non-Windows systems
[7.035s] INFO:colcon.colcon_notification.desktop_notification:Sending desktop notification using 'notify2'
[7.096s] DEBUG:colcon.colcon_core.event_reactor:joined thread
[7.097s] INFO:colcon.colcon_core.shell:Creating prefix script '/home/slave/robot_ws/install/local_setup.ps1'
[7.103s] INFO:colcon.colcon_core.shell:Creating prefix util module '/home/slave/robot_ws/install/_local_setup_util_ps1.py'
[7.112s] INFO:colcon.colcon_core.shell:Creating prefix chain script '/home/slave/robot_ws/install/setup.ps1'
[7.118s] INFO:colcon.colcon_core.shell:Creating prefix script '/home/slave/robot_ws/install/local_setup.sh'
[7.121s] INFO:colcon.colcon_core.shell:Creating prefix util module '/home/slave/robot_ws/install/_local_setup_util_sh.py'
[7.124s] INFO:colcon.colcon_core.shell:Creating prefix chain script '/home/slave/robot_ws/install/setup.sh'
[7.129s] INFO:colcon.colcon_core.shell:Creating prefix script '/home/slave/robot_ws/install/local_setup.bash'
[7.131s] INFO:colcon.colcon_core.shell:Creating prefix chain script '/home/slave/robot_ws/install/setup.bash'
[7.136s] INFO:colcon.colcon_core.shell:Creating prefix script '/home/slave/robot_ws/install/local_setup.zsh'
[7.139s] INFO:colcon.colcon_core.shell:Creating prefix chain script '/home/slave/robot_ws/install/setup.zsh'
