[0.951s] DEBUG:colcon:Command line arguments: ['/usr/bin/colcon', 'build', '--symlink-install']
[0.952s] DEBUG:colcon:Parsed command line arguments: Namespace(log_base=None, log_level=None, verb_name='build', build_base='build', install_base='install', merge_install=False, symlink_install=True, test_result_base=None, continue_on_error=False, executor='parallel', parallel_workers=4, event_handlers=None, ignore_user_meta=False, metas=['./colcon.meta'], base_paths=['.'], packages_ignore=None, packages_ignore_regex=None, paths=None, packages_up_to=None, packages_up_to_regex=None, packages_above=None, packages_above_and_dependencies=None, packages_above_depth=None, packages_select_by_dep=None, packages_skip_by_dep=None, packages_skip_up_to=None, packages_select_build_failed=False, packages_skip_build_finished=False, packages_select_test_failures=False, packages_skip_test_passed=False, packages_select=None, packages_skip=None, packages_select_regex=None, packages_skip_regex=None, packages_start=None, packages_end=None, allow_overriding=[], cmake_args=None, cmake_target=None, cmake_target_skip_unavailable=False, cmake_clean_cache=False, cmake_clean_first=False, cmake_force_configure=False, ament_cmake_args=None, catkin_cmake_args=None, catkin_skip_building_tests=False, verb_parser=<colcon_defaults.argument_parser.defaults.DefaultArgumentsDecorator object at 0xffffa9d17100>, verb_extension=<colcon_core.verb.build.BuildVerb object at 0xffffa9f044f0>, main=<bound method BuildVerb.main of <colcon_core.verb.build.BuildVerb object at 0xffffa9f044f0>>)
[2.064s] Level 1:colcon.colcon_core.package_discovery:discover_packages(colcon_meta) check parameters
[2.065s] Level 1:colcon.colcon_core.package_discovery:discover_packages(recursive) check parameters
[2.065s] Level 1:colcon.colcon_core.package_discovery:discover_packages(ignore) check parameters
[2.065s] Level 1:colcon.colcon_core.package_discovery:discover_packages(path) check parameters
[2.065s] Level 1:colcon.colcon_core.package_discovery:discover_packages(colcon_meta) discover
[2.065s] Level 1:colcon.colcon_core.package_discovery:discover_packages(recursive) discover
[2.066s] INFO:colcon.colcon_core.package_discovery:Crawling recursively for packages in '/home/slave/robot_ws'
[2.066s] Level 1:colcon.colcon_core.package_identification:_identify(.) by extensions ['ignore', 'ignore_ament_install']
[2.066s] Level 1:colcon.colcon_core.package_identification:_identify(.) by extension 'ignore'
[2.067s] Level 1:colcon.colcon_core.package_identification:_identify(.) by extension 'ignore_ament_install'
[2.067s] Level 1:colcon.colcon_core.package_identification:_identify(.) by extensions ['colcon_pkg']
[2.067s] Level 1:colcon.colcon_core.package_identification:_identify(.) by extension 'colcon_pkg'
[2.067s] Level 1:colcon.colcon_core.package_identification:_identify(.) by extensions ['colcon_meta']
[2.067s] Level 1:colcon.colcon_core.package_identification:_identify(.) by extension 'colcon_meta'
[2.068s] Level 1:colcon.colcon_core.package_identification:_identify(.) by extensions ['ros']
[2.068s] Level 1:colcon.colcon_core.package_identification:_identify(.) by extension 'ros'
[2.136s] Level 1:colcon.colcon_core.package_identification:_identify(.) by extensions ['cmake', 'python']
[2.136s] Level 1:colcon.colcon_core.package_identification:_identify(.) by extension 'cmake'
[2.136s] Level 1:colcon.colcon_core.package_identification:_identify(.) by extension 'python'
[2.137s] Level 1:colcon.colcon_core.package_identification:_identify(.) by extensions ['python_setup_py']
[2.137s] Level 1:colcon.colcon_core.package_identification:_identify(.) by extension 'python_setup_py'
[2.137s] Level 1:colcon.colcon_core.package_identification:_identify(build) by extensions ['ignore', 'ignore_ament_install']
[2.138s] Level 1:colcon.colcon_core.package_identification:_identify(build) by extension 'ignore'
[2.138s] Level 1:colcon.colcon_core.package_identification:_identify(build) ignored
[2.138s] Level 1:colcon.colcon_core.package_identification:_identify(install) by extensions ['ignore', 'ignore_ament_install']
[2.139s] Level 1:colcon.colcon_core.package_identification:_identify(install) by extension 'ignore'
[2.139s] Level 1:colcon.colcon_core.package_identification:_identify(install) ignored
[2.139s] Level 1:colcon.colcon_core.package_identification:_identify(log) by extensions ['ignore', 'ignore_ament_install']
[2.140s] Level 1:colcon.colcon_core.package_identification:_identify(log) by extension 'ignore'
[2.140s] Level 1:colcon.colcon_core.package_identification:_identify(log) ignored
[2.141s] Level 1:colcon.colcon_core.package_identification:_identify(src) by extensions ['ignore', 'ignore_ament_install']
[2.141s] Level 1:colcon.colcon_core.package_identification:_identify(src) by extension 'ignore'
[2.141s] Level 1:colcon.colcon_core.package_identification:_identify(src) by extension 'ignore_ament_install'
[2.142s] Level 1:colcon.colcon_core.package_identification:_identify(src) by extensions ['colcon_pkg']
[2.142s] Level 1:colcon.colcon_core.package_identification:_identify(src) by extension 'colcon_pkg'
[2.142s] Level 1:colcon.colcon_core.package_identification:_identify(src) by extensions ['colcon_meta']
[2.142s] Level 1:colcon.colcon_core.package_identification:_identify(src) by extension 'colcon_meta'
[2.142s] Level 1:colcon.colcon_core.package_identification:_identify(src) by extensions ['ros']
[2.142s] Level 1:colcon.colcon_core.package_identification:_identify(src) by extension 'ros'
[2.143s] Level 1:colcon.colcon_core.package_identification:_identify(src) by extensions ['cmake', 'python']
[2.143s] Level 1:colcon.colcon_core.package_identification:_identify(src) by extension 'cmake'
[2.143s] Level 1:colcon.colcon_core.package_identification:_identify(src) by extension 'python'
[2.143s] Level 1:colcon.colcon_core.package_identification:_identify(src) by extensions ['python_setup_py']
[2.143s] Level 1:colcon.colcon_core.package_identification:_identify(src) by extension 'python_setup_py'
[2.144s] Level 1:colcon.colcon_core.package_identification:_identify(src/md400t_driver) by extensions ['ignore', 'ignore_ament_install']
[2.144s] Level 1:colcon.colcon_core.package_identification:_identify(src/md400t_driver) by extension 'ignore'
[2.145s] Level 1:colcon.colcon_core.package_identification:_identify(src/md400t_driver) by extension 'ignore_ament_install'
[2.145s] Level 1:colcon.colcon_core.package_identification:_identify(src/md400t_driver) by extensions ['colcon_pkg']
[2.145s] Level 1:colcon.colcon_core.package_identification:_identify(src/md400t_driver) by extension 'colcon_pkg'
[2.145s] Level 1:colcon.colcon_core.package_identification:_identify(src/md400t_driver) by extensions ['colcon_meta']
[2.145s] Level 1:colcon.colcon_core.package_identification:_identify(src/md400t_driver) by extension 'colcon_meta'
[2.145s] Level 1:colcon.colcon_core.package_identification:_identify(src/md400t_driver) by extensions ['ros']
[2.146s] Level 1:colcon.colcon_core.package_identification:_identify(src/md400t_driver) by extension 'ros'
[2.157s] DEBUG:colcon.colcon_core.package_identification:Package 'src/md400t_driver' with type 'ros.ament_python' and name 'md400t_driver'
[2.158s] Level 1:colcon.colcon_core.package_discovery:discover_packages(recursive) using defaults
[2.158s] Level 1:colcon.colcon_core.package_discovery:discover_packages(ignore) discover
[2.158s] Level 1:colcon.colcon_core.package_discovery:discover_packages(ignore) using defaults
[2.158s] Level 1:colcon.colcon_core.package_discovery:discover_packages(path) discover
[2.158s] Level 1:colcon.colcon_core.package_discovery:discover_packages(path) using defaults
[2.285s] Level 1:colcon.colcon_core.package_discovery:discover_packages(prefix_path) check parameters
[2.285s] Level 1:colcon.colcon_core.package_discovery:discover_packages(prefix_path) discover
[2.306s] DEBUG:colcon.colcon_installed_package_information.package_discovery:Found 272 installed packages in /opt/ros/humble
[2.317s] Level 1:colcon.colcon_core.package_discovery:discover_packages(prefix_path) using defaults
[2.537s] Level 5:colcon.colcon_core.verb:set package 'md400t_driver' build argument 'cmake_args' from command line to 'None'
[2.537s] Level 5:colcon.colcon_core.verb:set package 'md400t_driver' build argument 'cmake_target' from command line to 'None'
[2.537s] Level 5:colcon.colcon_core.verb:set package 'md400t_driver' build argument 'cmake_target_skip_unavailable' from command line to 'False'
[2.537s] Level 5:colcon.colcon_core.verb:set package 'md400t_driver' build argument 'cmake_clean_cache' from command line to 'False'
[2.537s] Level 5:colcon.colcon_core.verb:set package 'md400t_driver' build argument 'cmake_clean_first' from command line to 'False'
[2.537s] Level 5:colcon.colcon_core.verb:set package 'md400t_driver' build argument 'cmake_force_configure' from command line to 'False'
[2.537s] Level 5:colcon.colcon_core.verb:set package 'md400t_driver' build argument 'ament_cmake_args' from command line to 'None'
[2.538s] Level 5:colcon.colcon_core.verb:set package 'md400t_driver' build argument 'catkin_cmake_args' from command line to 'None'
[2.538s] Level 5:colcon.colcon_core.verb:set package 'md400t_driver' build argument 'catkin_skip_building_tests' from command line to 'False'
[2.538s] DEBUG:colcon.colcon_core.verb:Building package 'md400t_driver' with the following arguments: {'ament_cmake_args': None, 'build_base': '/home/slave/robot_ws/build/md400t_driver', 'catkin_cmake_args': None, 'catkin_skip_building_tests': False, 'cmake_args': None, 'cmake_clean_cache': False, 'cmake_clean_first': False, 'cmake_force_configure': False, 'cmake_target': None, 'cmake_target_skip_unavailable': False, 'install_base': '/home/slave/robot_ws/install/md400t_driver', 'merge_install': False, 'path': '/home/slave/robot_ws/src/md400t_driver', 'symlink_install': True, 'test_result_base': None}
[2.538s] INFO:colcon.colcon_core.executor:Executing jobs using 'parallel' executor
[2.541s] DEBUG:colcon.colcon_parallel_executor.executor.parallel:run_until_complete
[2.542s] INFO:colcon.colcon_ros.task.ament_python.build:Building ROS package in '/home/slave/robot_ws/src/md400t_driver' with build type 'ament_python'
[2.543s] Level 1:colcon.colcon_core.shell:create_environment_hook('md400t_driver', 'ament_prefix_path')
[2.563s] INFO:colcon.colcon_core.plugin_system:Skipping extension 'colcon_core.shell.bat': Not used on non-Windows systems
[2.564s] INFO:colcon.colcon_core.shell:Creating environment hook '/home/slave/robot_ws/install/md400t_driver/share/md400t_driver/hook/ament_prefix_path.ps1'
[2.571s] INFO:colcon.colcon_core.shell:Creating environment descriptor '/home/slave/robot_ws/install/md400t_driver/share/md400t_driver/hook/ament_prefix_path.dsv'
[2.574s] INFO:colcon.colcon_core.shell:Creating environment hook '/home/slave/robot_ws/install/md400t_driver/share/md400t_driver/hook/ament_prefix_path.sh'
[2.578s] INFO:colcon.colcon_core.shell:Skip shell extension 'powershell' for command environment: Not usable outside of PowerShell
[2.578s] DEBUG:colcon.colcon_core.shell:Skip shell extension 'dsv' for command environment
[3.760s] WARNING:colcon.colcon_ros.task.ament_python.build:Package 'md400t_driver' doesn't explicitly install a marker in the package index (colcon-ros currently does it implicitly but that fallback will be removed in the future)
[3.762s] WARNING:colcon.colcon_ros.task.ament_python.build:Package 'md400t_driver' doesn't explicitly install the 'package.xml' file (colcon-ros currently does it implicitly but that fallback will be removed in the future)
[3.763s] INFO:colcon.colcon_core.task.python.build:Building Python package in '/home/slave/robot_ws/src/md400t_driver'
[3.764s] INFO:colcon.colcon_core.shell:Skip shell extension 'powershell' for command environment: Not usable outside of PowerShell
[3.764s] DEBUG:colcon.colcon_core.shell:Skip shell extension 'dsv' for command environment
[5.389s] DEBUG:colcon.colcon_core.event_handler.log_command:Invoking command in '/home/slave/robot_ws/build/md400t_driver': PYTHONPATH=/home/slave/robot_ws/build/md400t_driver/prefix_override:/usr/lib/python3/dist-packages/colcon_core/task/python/colcon_distutils_commands:/home/slave/robot_ws/install/md400t_driver/lib/python3.10/site-packages:${PYTHONPATH} /usr/bin/python3 -W ignore:setup.py install is deprecated -W ignore:easy_install command is deprecated setup.py develop --editable --build-directory /home/slave/robot_ws/build/md400t_driver/build --no-deps
[7.412s] Level 1:colcon.colcon_core.shell:create_environment_hook('md400t_driver', 'pythonpath_develop')
[7.413s] INFO:colcon.colcon_core.shell:Creating environment hook '/home/slave/robot_ws/build/md400t_driver/share/md400t_driver/hook/pythonpath_develop.ps1'
[7.414s] DEBUG:colcon.colcon_core.event_handler.log_command:Invoked command in '/home/slave/robot_ws/build/md400t_driver' returned '0': PYTHONPATH=/home/slave/robot_ws/build/md400t_driver/prefix_override:/usr/lib/python3/dist-packages/colcon_core/task/python/colcon_distutils_commands:/home/slave/robot_ws/install/md400t_driver/lib/python3.10/site-packages:${PYTHONPATH} /usr/bin/python3 -W ignore:setup.py install is deprecated -W ignore:easy_install command is deprecated setup.py develop --editable --build-directory /home/slave/robot_ws/build/md400t_driver/build --no-deps
[7.417s] INFO:colcon.colcon_core.shell:Creating environment descriptor '/home/slave/robot_ws/build/md400t_driver/share/md400t_driver/hook/pythonpath_develop.dsv'
[7.419s] INFO:colcon.colcon_core.shell:Creating environment hook '/home/slave/robot_ws/build/md400t_driver/share/md400t_driver/hook/pythonpath_develop.sh'
[7.443s] Level 1:colcon.colcon_core.environment:checking '/home/slave/robot_ws/install/md400t_driver' for CMake module files
[7.445s] Level 1:colcon.colcon_core.environment:checking '/home/slave/robot_ws/install/md400t_driver' for CMake config files
[7.450s] Level 1:colcon.colcon_core.environment:checking '/home/slave/robot_ws/install/md400t_driver/lib'
[7.451s] Level 1:colcon.colcon_core.environment:checking '/home/slave/robot_ws/install/md400t_driver/bin'
[7.451s] Level 1:colcon.colcon_core.environment:checking '/home/slave/robot_ws/install/md400t_driver/lib/pkgconfig/md400t_driver.pc'
[7.452s] Level 1:colcon.colcon_core.environment:checking '/home/slave/robot_ws/install/md400t_driver/lib/python3.10/site-packages'
[7.453s] Level 1:colcon.colcon_core.shell:create_environment_hook('md400t_driver', 'pythonpath')
[7.454s] INFO:colcon.colcon_core.shell:Creating environment hook '/home/slave/robot_ws/install/md400t_driver/share/md400t_driver/hook/pythonpath.ps1'
[7.456s] INFO:colcon.colcon_core.shell:Creating environment descriptor '/home/slave/robot_ws/install/md400t_driver/share/md400t_driver/hook/pythonpath.dsv'
[7.458s] INFO:colcon.colcon_core.shell:Creating environment hook '/home/slave/robot_ws/install/md400t_driver/share/md400t_driver/hook/pythonpath.sh'
[7.461s] Level 1:colcon.colcon_core.environment:checking '/home/slave/robot_ws/install/md400t_driver/bin'
[7.461s] Level 1:colcon.colcon_core.environment:create_environment_scripts_only(md400t_driver)
[7.463s] INFO:colcon.colcon_core.shell:Creating package script '/home/slave/robot_ws/install/md400t_driver/share/md400t_driver/package.ps1'
[7.467s] INFO:colcon.colcon_core.shell:Creating package descriptor '/home/slave/robot_ws/install/md400t_driver/share/md400t_driver/package.dsv'
[7.471s] INFO:colcon.colcon_core.shell:Creating package script '/home/slave/robot_ws/install/md400t_driver/share/md400t_driver/package.sh'
[7.476s] INFO:colcon.colcon_core.shell:Creating package script '/home/slave/robot_ws/install/md400t_driver/share/md400t_driver/package.bash'
[7.480s] INFO:colcon.colcon_core.shell:Creating package script '/home/slave/robot_ws/install/md400t_driver/share/md400t_driver/package.zsh'
[7.485s] Level 1:colcon.colcon_core.environment:create_file_with_runtime_dependencies(/home/slave/robot_ws/install/md400t_driver/share/colcon-core/packages/md400t_driver)
[7.487s] DEBUG:colcon.colcon_parallel_executor.executor.parallel:closing loop
[7.488s] DEBUG:colcon.colcon_parallel_executor.executor.parallel:loop closed
[7.489s] DEBUG:colcon.colcon_parallel_executor.executor.parallel:run_until_complete finished with '0'
[7.489s] DEBUG:colcon.colcon_core.event_reactor:joining thread
[7.516s] INFO:colcon.colcon_core.plugin_system:Skipping extension 'colcon_notification.desktop_notification.terminal_notifier': Not used on non-Darwin systems
[7.517s] INFO:colcon.colcon_core.plugin_system:Skipping extension 'colcon_notification.desktop_notification.win32': Not used on non-Windows systems
[7.517s] INFO:colcon.colcon_notification.desktop_notification:Sending desktop notification using 'notify2'
[7.650s] DEBUG:colcon.colcon_core.event_reactor:joined thread
[7.652s] INFO:colcon.colcon_core.shell:Creating prefix script '/home/slave/robot_ws/install/local_setup.ps1'
[7.659s] INFO:colcon.colcon_core.shell:Creating prefix util module '/home/slave/robot_ws/install/_local_setup_util_ps1.py'
[7.668s] INFO:colcon.colcon_core.shell:Creating prefix chain script '/home/slave/robot_ws/install/setup.ps1'
[7.674s] INFO:colcon.colcon_core.shell:Creating prefix script '/home/slave/robot_ws/install/local_setup.sh'
[7.680s] INFO:colcon.colcon_core.shell:Creating prefix util module '/home/slave/robot_ws/install/_local_setup_util_sh.py'
[7.683s] INFO:colcon.colcon_core.shell:Creating prefix chain script '/home/slave/robot_ws/install/setup.sh'
[7.689s] INFO:colcon.colcon_core.shell:Creating prefix script '/home/slave/robot_ws/install/local_setup.bash'
[7.693s] INFO:colcon.colcon_core.shell:Creating prefix chain script '/home/slave/robot_ws/install/setup.bash'
[7.699s] INFO:colcon.colcon_core.shell:Creating prefix script '/home/slave/robot_ws/install/local_setup.zsh'
[7.703s] INFO:colcon.colcon_core.shell:Creating prefix chain script '/home/slave/robot_ws/install/setup.zsh'
